/home/husarion/ros2_tutorial_workspace/install/python_package_with_a_node/lib/python3.10/site-packages/python_package_with_a_node/inference.py
/home/husarion/ros2_tutorial_workspace/install/python_package_with_a_node/lib/python3.10/site-packages/python_package_with_a_node/sample_python_node.py
/home/husarion/ros2_tutorial_workspace/install/python_package_with_a_node/lib/python3.10/site-packages/python_package_with_a_node/train.py
/home/husarion/ros2_tutorial_workspace/install/python_package_with_a_node/lib/python3.10/site-packages/python_package_with_a_node/__init__.py
/home/husarion/ros2_tutorial_workspace/install/python_package_with_a_node/lib/python3.10/site-packages/python_package_with_a_node/model.py
/home/husarion/ros2_tutorial_workspace/install/python_package_with_a_node/lib/python3.10/site-packages/python_package_with_a_node/rosbot_ml_node.py
/home/husarion/ros2_tutorial_workspace/install/python_package_with_a_node/lib/python3.10/site-packages/python_package_with_a_node/dataset.py
/home/husarion/ros2_tutorial_workspace/install/python_package_with_a_node/lib/python3.10/site-packages/python_package_with_a_node/__pycache__/inference.cpython-310.pyc
/home/husarion/ros2_tutorial_workspace/install/python_package_with_a_node/lib/python3.10/site-packages/python_package_with_a_node/__pycache__/sample_python_node.cpython-310.pyc
/home/husarion/ros2_tutorial_workspace/install/python_package_with_a_node/lib/python3.10/site-packages/python_package_with_a_node/__pycache__/train.cpython-310.pyc
/home/husarion/ros2_tutorial_workspace/install/python_package_with_a_node/lib/python3.10/site-packages/python_package_with_a_node/__pycache__/__init__.cpython-310.pyc
/home/husarion/ros2_tutorial_workspace/install/python_package_with_a_node/lib/python3.10/site-packages/python_package_with_a_node/__pycache__/model.cpython-310.pyc
/home/husarion/ros2_tutorial_workspace/install/python_package_with_a_node/lib/python3.10/site-packages/python_package_with_a_node/__pycache__/rosbot_ml_node.cpython-310.pyc
/home/husarion/ros2_tutorial_workspace/install/python_package_with_a_node/lib/python3.10/site-packages/python_package_with_a_node/__pycache__/dataset.cpython-310.pyc
/home/husarion/ros2_tutorial_workspace/install/python_package_with_a_node/share/ament_index/resource_index/packages/python_package_with_a_node
/home/husarion/ros2_tutorial_workspace/install/python_package_with_a_node/share/python_package_with_a_node/package.xml
/home/husarion/ros2_tutorial_workspace/install/python_package_with_a_node/lib/python3.10/site-packages/python_package_with_a_node-0.0.0-py3.10.egg-info/zip-safe
/home/husarion/ros2_tutorial_workspace/install/python_package_with_a_node/lib/python3.10/site-packages/python_package_with_a_node-0.0.0-py3.10.egg-info/PKG-INFO
/home/husarion/ros2_tutorial_workspace/install/python_package_with_a_node/lib/python3.10/site-packages/python_package_with_a_node-0.0.0-py3.10.egg-info/SOURCES.txt
/home/husarion/ros2_tutorial_workspace/install/python_package_with_a_node/lib/python3.10/site-packages/python_package_with_a_node-0.0.0-py3.10.egg-info/top_level.txt
/home/husarion/ros2_tutorial_workspace/install/python_package_with_a_node/lib/python3.10/site-packages/python_package_with_a_node-0.0.0-py3.10.egg-info/entry_points.txt
/home/husarion/ros2_tutorial_workspace/install/python_package_with_a_node/lib/python3.10/site-packages/python_package_with_a_node-0.0.0-py3.10.egg-info/requires.txt
/home/husarion/ros2_tutorial_workspace/install/python_package_with_a_node/lib/python3.10/site-packages/python_package_with_a_node-0.0.0-py3.10.egg-info/dependency_links.txt
/home/husarion/ros2_tutorial_workspace/install/python_package_with_a_node/lib/python_package_with_a_node/rosbot_ml_node
/home/husarion/ros2_tutorial_workspace/install/python_package_with_a_node/lib/python_package_with_a_node/sample_python_node
